0 info it worked if it ends with ok
1 verbose cli [ 'C:\\Program Files (x86)\\nodejs\\\\node.exe',
1 verbose cli   'C:\\Program Files (x86)\\nodejs\\node_modules\\npm\\bin\\npm-cli.js',
1 verbose cli   'install' ]
2 info using npm@2.11.3
3 info using node@v0.12.7
4 verbose readDependencies loading dependencies from E:\!bkp\My Documents\GitHub\FeisCalc\package.json
5 verbose install where, deps [ 'E:\\!bkp\\My Documents\\GitHub\\FeisCalc',
5 verbose install   [ 'body-parser',
5 verbose install     'cookie-parser',
5 verbose install     'debug',
5 verbose install     'express',
5 verbose install     'jade',
5 verbose install     'morgan',
5 verbose install     'serve-favicon',
5 verbose install     'jquery',
5 verbose install     'bootstrap',
5 verbose install     'sqlite3' ] ]
6 verbose install where, peers [ 'E:\\!bkp\\My Documents\\GitHub\\FeisCalc', [] ]
7 verbose installManyTop reading for lifecycle E:\!bkp\My Documents\GitHub\FeisCalc\package.json
8 info preinstall FeisCalc@0.0.0
9 verbose installManyTop reading scoped package data from E:\!bkp\My Documents\GitHub\FeisCalc\node_modules\body-parser\package.json
10 verbose installManyTop reading scoped package data from E:\!bkp\My Documents\GitHub\FeisCalc\node_modules\bootstrap\package.json
11 verbose installManyTop reading scoped package data from E:\!bkp\My Documents\GitHub\FeisCalc\node_modules\cookie-parser\package.json
12 verbose installManyTop reading scoped package data from E:\!bkp\My Documents\GitHub\FeisCalc\node_modules\debug\package.json
13 verbose installManyTop reading scoped package data from E:\!bkp\My Documents\GitHub\FeisCalc\node_modules\express\package.json
14 verbose installManyTop reading scoped package data from E:\!bkp\My Documents\GitHub\FeisCalc\node_modules\jade\package.json
15 verbose installManyTop reading scoped package data from E:\!bkp\My Documents\GitHub\FeisCalc\node_modules\morgan\package.json
16 verbose installManyTop reading scoped package data from E:\!bkp\My Documents\GitHub\FeisCalc\node_modules\serve-favicon\package.json
17 verbose installManyTop reading scoped package data from E:\!bkp\My Documents\GitHub\FeisCalc\node_modules\sqlite3\package.json
18 verbose readDependencies loading dependencies from E:\!bkp\My Documents\GitHub\FeisCalc\package.json
19 verbose targetResolver reading package data from E:\!bkp\My Documents\GitHub\FeisCalc\node_modules\body-parser\package.json
20 verbose targetResolver reading package data from E:\!bkp\My Documents\GitHub\FeisCalc\node_modules\bootstrap\package.json
21 verbose targetResolver reading package data from E:\!bkp\My Documents\GitHub\FeisCalc\node_modules\cookie-parser\package.json
22 verbose targetResolver reading package data from E:\!bkp\My Documents\GitHub\FeisCalc\node_modules\debug\package.json
23 verbose targetResolver reading package data from E:\!bkp\My Documents\GitHub\FeisCalc\node_modules\express\package.json
24 verbose targetResolver reading package data from E:\!bkp\My Documents\GitHub\FeisCalc\node_modules\jade\package.json
25 verbose targetResolver reading package data from E:\!bkp\My Documents\GitHub\FeisCalc\node_modules\morgan\package.json
26 verbose targetResolver reading package data from E:\!bkp\My Documents\GitHub\FeisCalc\node_modules\serve-favicon\package.json
27 verbose targetResolver reading package data from E:\!bkp\My Documents\GitHub\FeisCalc\node_modules\sqlite3\package.json
28 verbose targetResolver reading package data from E:\!bkp\My Documents\GitHub\FeisCalc\node_modules\.bin\jade\package.json
29 verbose targetResolver reading package data from E:\!bkp\My Documents\GitHub\FeisCalc\node_modules\.bin\jade.cmd\package.json
30 verbose already installed skipping cookie-parser@~1.3.5 E:\!bkp\My Documents\GitHub\FeisCalc
31 verbose already installed skipping debug@~2.2.0 E:\!bkp\My Documents\GitHub\FeisCalc
32 verbose already installed skipping express@~4.13.1 E:\!bkp\My Documents\GitHub\FeisCalc
33 verbose already installed skipping jade@~1.11.0 E:\!bkp\My Documents\GitHub\FeisCalc
34 verbose already installed skipping morgan@~1.6.1 E:\!bkp\My Documents\GitHub\FeisCalc
35 verbose already installed skipping serve-favicon@~2.3.0 E:\!bkp\My Documents\GitHub\FeisCalc
36 silly cache add args [ 'jquery@~2.0', null ]
37 verbose cache add spec jquery@~2.0
38 silly cache add parsed spec { raw: 'jquery@~2.0',
38 silly cache add   scope: null,
38 silly cache add   name: 'jquery',
38 silly cache add   rawSpec: '~2.0',
38 silly cache add   spec: '>=2.0.0 <2.1.0',
38 silly cache add   type: 'range' }
39 silly addNamed jquery@>=2.0.0 <2.1.0
40 verbose addNamed ">=2.0.0 <2.1.0" is a valid semver range for jquery
41 silly addNameRange { name: 'jquery', range: '>=2.0.0 <2.1.0', hasData: false }
42 silly mapToRegistry name jquery
43 silly mapToRegistry using default registry
44 silly mapToRegistry registry https://registry.npmjs.org/
45 silly mapToRegistry uri https://registry.npmjs.org/jquery
46 verbose addNameRange registry:https://registry.npmjs.org/jquery not in flight; fetching
47 verbose already installed skipping bootstrap@>3.0.0 E:\!bkp\My Documents\GitHub\FeisCalc
48 verbose already installed skipping sqlite3@~3.1.0 E:\!bkp\My Documents\GitHub\FeisCalc
49 verbose already installed skipping body-parser@~1.13.2 E:\!bkp\My Documents\GitHub\FeisCalc
50 verbose request uri https://registry.npmjs.org/jquery
51 verbose request no auth needed
52 info attempt registry request try #1 at 5:14:15 PM
53 verbose request id 6a65d17b5c918474
54 http request GET https://registry.npmjs.org/jquery
55 http 200 https://registry.npmjs.org/jquery
56 silly get cb [ 200,
56 silly get   { server: 'CouchDB/1.5.0 (Erlang OTP/R16B03)',
56 silly get     etag: '"DZYKUWH8D2VEUDJI44IPGJVR5"',
56 silly get     'content-type': 'application/json',
56 silly get     'cache-control': 'max-age=60',
56 silly get     'content-length': '57937',
56 silly get     'accept-ranges': 'bytes',
56 silly get     date: 'Mon, 26 Oct 2015 15:14:11 GMT',
56 silly get     via: '1.1 varnish',
56 silly get     age: '0',
56 silly get     connection: 'keep-alive',
56 silly get     'x-served-by': 'cache-lhr6324-LHR',
56 silly get     'x-cache': 'HIT',
56 silly get     'x-cache-hits': '1',
56 silly get     'x-timer': 'S1445872450.970511,VS0,VE368',
56 silly get     vary: 'Accept' } ]
57 verbose get saving jquery to C:\Users\tsenzuk\AppData\Roaming\npm-cache\registry.npmjs.org\jquery\.cache.json
58 silly addNameRange number 2 { name: 'jquery', range: '>=2.0.0 <2.1.0', hasData: true }
59 silly addNameRange versions [ 'jquery',
59 silly addNameRange   [ '1.5.1',
59 silly addNameRange     '1.6.2',
59 silly addNameRange     '1.6.3',
59 silly addNameRange     '1.7.2',
59 silly addNameRange     '1.7.3',
59 silly addNameRange     '1.8.2',
59 silly addNameRange     '1.8.3',
59 silly addNameRange     '2.1.0-beta2',
59 silly addNameRange     '2.1.0-beta3',
59 silly addNameRange     '1.11.0-beta3',
59 silly addNameRange     '1.11.0-rc1',
59 silly addNameRange     '2.1.0-rc1',
59 silly addNameRange     '1.11.0',
59 silly addNameRange     '2.1.0',
59 silly addNameRange     '2.1.1-beta1',
59 silly addNameRange     '1.11.1-beta1',
59 silly addNameRange     '2.1.1-rc1',
59 silly addNameRange     '1.11.1-rc1',
59 silly addNameRange     '2.1.1-rc2',
59 silly addNameRange     '1.11.1-rc2',
59 silly addNameRange     '2.1.1',
59 silly addNameRange     '1.11.1',
59 silly addNameRange     '1.9.1',
59 silly addNameRange     '2.1.2',
59 silly addNameRange     '1.11.2',
59 silly addNameRange     '2.1.3',
59 silly addNameRange     '2.1.4',
59 silly addNameRange     '1.11.3',
59 silly addNameRange     '3.0.0-alpha1' ] ]
60 verbose stack Error: No compatible version found: jquery@'>=2.0.0 <2.1.0'
60 verbose stack Valid install targets:
60 verbose stack ["1.5.1","1.6.2","1.6.3","1.7.2","1.7.3","1.8.2","1.8.3","2.1.0-beta2","2.1.0-beta3","1.11.0-beta3","1.11.0-rc1","2.1.0-rc1","1.11.0","2.1.0","2.1.1-beta1","1.11.1-beta1","2.1.1-rc1","1.11.1-rc1","2.1.1-rc2","1.11.1-rc2","2.1.1","1.11.1","1.9.1","2.1.2","1.11.2","2.1.3","2.1.4","1.11.3","3.0.0-alpha1"]
60 verbose stack
60 verbose stack     at installTargetsError (C:\Program Files (x86)\nodejs\node_modules\npm\lib\cache\add-named.js:274:12)
60 verbose stack     at next (C:\Program Files (x86)\nodejs\node_modules\npm\lib\cache\add-named.js:253:17)
60 verbose stack     at setData (C:\Program Files (x86)\nodejs\node_modules\npm\lib\cache\add-named.js:230:5)
60 verbose stack     at RES (C:\Program Files (x86)\nodejs\node_modules\npm\node_modules\inflight\inflight.js:23:14)
60 verbose stack     at f (C:\Program Files (x86)\nodejs\node_modules\npm\node_modules\once\once.js:17:25)
60 verbose stack     at fixName (C:\Program Files (x86)\nodejs\node_modules\npm\lib\cache\add-named.js:29:5)
60 verbose stack     at saved (C:\Program Files (x86)\nodejs\node_modules\npm\lib\cache\caching-client.js:173:7)
60 verbose stack     at FSReqWrap.oncomplete (fs.js:95:15)
61 verbose cwd E:\!bkp\My Documents\GitHub\FeisCalc
62 error Windows_NT 6.3.9600
63 error argv "C:\\Program Files (x86)\\nodejs\\\\node.exe" "C:\\Program Files (x86)\\nodejs\\node_modules\\npm\\bin\\npm-cli.js" "install"
64 error node v0.12.7
65 error npm  v2.11.3
66 error code ETARGET
67 error notarget No compatible version found: jquery@'>=2.0.0 <2.1.0'
67 error notarget Valid install targets:
67 error notarget ["1.5.1","1.6.2","1.6.3","1.7.2","1.7.3","1.8.2","1.8.3","2.1.0-beta2","2.1.0-beta3","1.11.0-beta3","1.11.0-rc1","2.1.0-rc1","1.11.0","2.1.0","2.1.1-beta1","1.11.1-beta1","2.1.1-rc1","1.11.1-rc1","2.1.1-rc2","1.11.1-rc2","2.1.1","1.11.1","1.9.1","2.1.2","1.11.2","2.1.3","2.1.4","1.11.3","3.0.0-alpha1"]
67 error notarget
67 error notarget This is most likely not a problem with npm itself.
67 error notarget In most cases you or one of your dependencies are requesting
67 error notarget a package version that doesn't exist.
67 error notarget
67 error notarget It was specified as a dependency of 'FeisCalc'
68 verbose exit [ 1, true ]
